[    0.000000] Initializing cgroup subsys cpuset
[    0.000000] Initializing cgroup subsys cpu
[    0.000000] Initializing cgroup subsys cpuacct
[    0.000000] Linux version 4.4.0-210-generic (buildd@lgw01-amd64-009) (gcc version 5.4.0 20160609 (Ubuntu 5.4.0-6ubuntu1~16.04.12) ) #242-Ubuntu SMP Fri Apr 16 09:57:56 UTC 2021 (Ubuntu 4.4.0-210.242-generic 4.4.262)
[    0.000000] Command line: BOOT_IMAGE=/boot/vmlinuz-4.4.0-210-generic root=LABEL=cloudimg-rootfs ro console=tty1 console=ttyS0
[    0.000000] KERNEL supported cpus:
[    0.000000]   Intel GenuineIntel
[    0.000000]   AMD AuthenticAMD
[    0.000000]   Centaur CentaurHauls
[    0.000000] x86/fpu: Legacy x87 FPU detected.
[    0.000000] e820: BIOS-provided physical RAM map:
[    0.000000] BIOS-e820: [mem 0x0000000000000000-0x000000000009fbff] usable
[    0.000000] BIOS-e820: [mem 0x000000000009fc00-0x000000000009ffff] reserved
[    0.000000] BIOS-e820: [mem 0x00000000000f0000-0x00000000000fffff] reserved
[    0.000000] BIOS-e820: [mem 0x0000000000100000-0x000000003ffeffff] usable
[    0.000000] BIOS-e820: [mem 0x000000003fff0000-0x000000003fffffff] ACPI data
[    0.000000] BIOS-e820: [mem 0x00000000fec00000-0x00000000fec00fff] reserved
[    0.000000] BIOS-e820: [mem 0x00000000fee00000-0x00000000fee00fff] reserved
[    0.000000] BIOS-e820: [mem 0x00000000fffc0000-0x00000000ffffffff] reserved
[    0.000000] NX (Execute Disable) protection: active
[    0.000000] SMBIOS 2.5 present.
[    0.000000] Hypervisor detected: KVM
[    0.000000] e820: last_pfn = 0x3fff0 max_arch_pfn = 0x400000000
[    0.000000] MTRR: Disabled
[    0.000000] x86/PAT: MTRRs disabled, skipping PAT initialization too.
[    0.000000] CPU MTRRs all blank - virtualized system.
[    0.000000] x86/PAT: Configuration [0-7]: WB  WT  UC- UC  WB  WT  UC- UC  
[    0.000000] found SMP MP-table at [mem 0x0009fff0-0x0009ffff] mapped at [ffff88000009fff0]
[    0.000000] Scanning 1 areas for low memory corruption
[    0.000000] RAMDISK: [mem 0x362dc000-0x37165fff]
[    0.000000] ACPI: Early table checksum verification disabled
[    0.000000] ACPI: RSDP 0x00000000000E0000 000024 (v02 VBOX  )
[    0.000000] ACPI: XSDT 0x000000003FFF0030 00003C (v01 VBOX   VBOXXSDT 00000001 ASL  00000061)
[    0.000000] ACPI: FACP 0x000000003FFF00F0 0000F4 (v04 VBOX   VBOXFACP 00000001 ASL  00000061)
[    0.000000] ACPI: DSDT 0x000000003FFF0610 002353 (v02 VBOX   VBOXBIOS 00000002 INTL 20100528)
[    0.000000] ACPI: FACS 0x000000003FFF0200 000040
[    0.000000] ACPI: FACS 0x000000003FFF0200 000040
[    0.000000] ACPI: APIC 0x000000003FFF0240 00005C (v02 VBOX   VBOXAPIC 00000001 ASL  00000061)
[    0.000000] ACPI: SSDT 0x000000003FFF02A0 00036C (v01 VBOX   VBOXCPUT 00000002 INTL 20100528)
[    0.000000] No NUMA configuration found
[    0.000000] Faking a node at [mem 0x0000000000000000-0x000000003ffeffff]
[    0.000000] NODE_DATA(0) allocated [mem 0x3ffeb000-0x3ffeffff]
[    0.000000] kvm-clock: Using msrs 4b564d01 and 4b564d00
[    0.000000] kvm-clock: cpu 0, msr 0:3ffe3001, primary cpu clock
[    0.000000] kvm-clock: using sched offset of 4484572942 cycles
[    0.000000] clocksource: kvm-clock: mask: 0xffffffffffffffff max_cycles: 0x1cd42e4dffb, max_idle_ns: 881590591483 ns
[    0.000000] Zone ranges:
[    0.000000]   DMA      [mem 0x0000000000001000-0x0000000000ffffff]
[    0.000000]   DMA32    [mem 0x0000000001000000-0x000000003ffeffff]
[    0.000000]   Normal   empty
[    0.000000]   Device   empty
[    0.000000] Movable zone start for each node
[    0.000000] Early memory node ranges
[    0.000000]   node   0: [mem 0x0000000000001000-0x000000000009efff]
[    0.000000]   node   0: [mem 0x0000000000100000-0x000000003ffeffff]
[    0.000000] Initmem setup node 0 [mem 0x0000000000001000-0x000000003ffeffff]
[    0.000000] ACPI: PM-Timer IO Port: 0x4008
[    0.000000] IOAPIC[0]: apic_id 2, version 32, address 0xfec00000, GSI 0-23
[    0.000000] ACPI: INT_SRC_OVR (bus 0 bus_irq 0 global_irq 2 dfl dfl)
[    0.000000] ACPI: INT_SRC_OVR (bus 0 bus_irq 9 global_irq 9 low level)
[    0.000000] Using ACPI (MADT) for SMP configuration information
[    0.000000] smpboot: Allowing 2 CPUs, 0 hotplug CPUs
[    0.000000] PM: Registered nosave memory: [mem 0x00000000-0x00000fff]
[    0.000000] PM: Registered nosave memory: [mem 0x0009f000-0x0009ffff]
[    0.000000] PM: Registered nosave memory: [mem 0x000a0000-0x000effff]
[    0.000000] PM: Registered nosave memory: [mem 0x000f0000-0x000fffff]
[    0.000000] e820: [mem 0x40000000-0xfebfffff] available for PCI devices
[    0.000000] Booting paravirtualized kernel on KVM
[    0.000000] clocksource: refined-jiffies: mask: 0xffffffff max_cycles: 0xffffffff, max_idle_ns: 7645519600211568 ns
[    0.000000] setup_percpu: NR_CPUS:512 nr_cpumask_bits:512 nr_cpu_ids:2 nr_node_ids:1
[    0.000000] PERCPU: Embedded 33 pages/cpu @ffff88003fc00000 s95192 r8192 d31784 u1048576
[    0.000000] Built 1 zonelists in Node order, mobility grouping on.  Total pages: 257912
[    0.000000] Policy zone: DMA32
[    0.000000] Kernel command line: BOOT_IMAGE=/boot/vmlinuz-4.4.0-210-generic root=LABEL=cloudimg-rootfs ro console=tty1 console=ttyS0
[    0.000000] PID hash table entries: 4096 (order: 3, 32768 bytes)
[    0.000000] Memory: 997792K/1048120K available (8644K kernel code, 1332K rwdata, 4044K rodata, 1492K init, 1164K bss, 50328K reserved, 0K cma-reserved)
[    0.000000] SLUB: HWalign=64, Order=0-3, MinObjects=0, CPUs=2, Nodes=1
[    0.000000] Kernel/User page tables isolation: enabled
[    0.000000] Hierarchical RCU implementation.
[    0.000000] 	Build-time adjustment of leaf fanout to 64.
[    0.000000] 	RCU restricting CPUs from NR_CPUS=512 to nr_cpu_ids=2.
[    0.000000] RCU: Adjusting geometry for rcu_fanout_leaf=64, nr_cpu_ids=2
[    0.000000] NR_IRQS:33024 nr_irqs:440 16
[    0.000000] Console: colour VGA+ 80x25
[    0.000000] console [tty1] enabled
[    0.000000] console [ttyS0] enabled
[    0.000000] tsc: Detected 1799.998 MHz processor
[    0.810858] Calibrating delay loop (skipped) preset value.. 3599.99 BogoMIPS (lpj=7199992)
[    0.823551] pid_max: default: 32768 minimum: 301
[    0.831730] ACPI: Core revision 20150930
[    0.838863] ACPI: 2 ACPI AML tables successfully acquired and loaded
[    0.853235] Security Framework initialized
[    0.862441] Yama: becoming mindful.
[    0.870884] AppArmor: AppArmor initialized
[    0.879405] Dentry cache hash table entries: 131072 (order: 8, 1048576 bytes)
[    0.901981] Inode-cache hash table entries: 65536 (order: 7, 524288 bytes)
[    0.918759] Mount-cache hash table entries: 2048 (order: 2, 16384 bytes)
[    0.930788] Mountpoint-cache hash table entries: 2048 (order: 2, 16384 bytes)
[    0.944324] Initializing cgroup subsys io
[    0.953015] Initializing cgroup subsys memory
[    0.962001] Initializing cgroup subsys devices
[    0.971751] Initializing cgroup subsys freezer
[    0.978608] Initializing cgroup subsys net_cls
[    0.988067] Initializing cgroup subsys perf_event
[    0.995493] Initializing cgroup subsys net_prio
[    1.005872] Initializing cgroup subsys hugetlb
[    1.014388] Initializing cgroup subsys pids
[    1.039599] mce: CPU supports 0 MCE banks
[    1.047528] Last level iTLB entries: 4KB 64, 2MB 8, 4MB 8
[    1.058689] Last level dTLB entries: 4KB 64, 2MB 0, 4MB 0, 1GB 4
[    1.067950] Spectre V1 : Mitigation: usercopy/swapgs barriers and __user pointer sanitization
[    1.086961] Spectre V2 : Mitigation: Full generic retpoline
[    1.098876] Spectre V2 : Spectre v2 / SpectreRSB mitigation: Filling RSB on context switch
[    1.112968] Speculative Store Bypass: Vulnerable
[    1.119902] SRBDS: Unknown: Dependent on hypervisor status
[    1.133385] MDS: Mitigation: Clear CPU buffers
[    1.232291] Freeing SMP alternatives memory: 36K
[    1.416699] ftrace: allocating 32380 entries in 127 pages
[    2.451508] smpboot: APIC(0) Converting physical 0 to logical package 0
[    2.463353] smpboot: Max logical packages: 1
[    2.487784] ..TIMER: vector=0x30 apic1=0 pin1=2 apic2=-1 pin2=-1
[    2.604006] APIC calibration not consistent with PM-Timer: 101ms instead of 100ms
[    2.613552] APIC delta adjusted to PM-Timer: 6250931 (6314095)
[    2.621815] smpboot: CPU0: Intel(R) Core(TM) i5-8250U CPU @ 1.60GHz (family: 0x6, model: 0x8e, stepping: 0xa)
[    2.637721] Performance Events: unsupported p6 CPU model 142 no PMU driver, software events only.
[    2.836329] KVM setup paravirtual spinlock
[    2.845462] x86: Booting SMP configuration:
[    2.851221] .... node  #0, CPUs:      #1
[    2.858655] kvm-clock: cpu 1, msr 0:3ffe3041, secondary cpu clock
[    2.880771] mce: CPU supports 0 MCE banks
[    2.885682] TSC synchronization [CPU#0 -> CPU#1]:
[    2.891247] Measured 45161 cycles TSC warp between CPUs, turning off TSC clock.
[    2.899228] tsc: Marking TSC unstable due to check_tsc_sync_source failed
[    0.856005] x86: Booted up 1 node, 2 CPUs
[    0.860004] smpboot: Total of 2 processors activated (7199.99 BogoMIPS)
[    0.868843] devtmpfs: initialized
[    0.877139] evm: security.selinux
[    0.880002] evm: security.SMACK64
[    0.884004] evm: security.SMACK64EXEC
[    0.888002] evm: security.SMACK64TRANSMUTE
[    0.892002] evm: security.SMACK64MMAP
[    0.896002] evm: security.ima
[    0.900003] evm: security.capability
[    0.908301] clocksource: jiffies: mask: 0xffffffff max_cycles: 0xffffffff, max_idle_ns: 7645041785100000 ns
[    0.912014] futex hash table entries: 512 (order: 3, 32768 bytes)
[    0.920189] pinctrl core: initialized pinctrl subsystem
[    0.928313] RTC time: 13:09:50, date: 07/23/23
[    0.933358] NET: Registered protocol family 16
[    0.948024] cpuidle: using governor ladder
[    0.964023] cpuidle: using governor menu
[    0.972020] PCCT header not found.
[    0.976145] ACPI: bus type PCI registered
[    0.980004] acpiphp: ACPI Hot Plug PCI Controller Driver version: 0.5
[    0.984598] PCI: Using configuration type 1 for base access
[    1.020406] ACPI: Added _OSI(Module Device)
[    1.024015] ACPI: Added _OSI(Processor Device)
[    1.028008] ACPI: Added _OSI(3.0 _SCP Extensions)
[    1.032007] ACPI: Added _OSI(Processor Aggregator Device)
[    1.040421] ACPI: Executed 1 blocks of module-level executable AML code
[    1.056819] ACPI: Interpreter enabled
[    1.060015] ACPI: (supports S0 S5)
[    1.064006] ACPI: Using IOAPIC for interrupt routing
[    1.068490] PCI: Using host bridge windows from ACPI; if necessary, use "pci=nocrs" and report a bug
[    1.084020] ACPI: PCI Root Bridge [PCI0] (domain 0000 [bus 00-ff])
[    1.088016] acpi PNP0A03:00: _OSC: OS supports [ASPM ClockPM Segments MSI]
[    1.092749] acpi PNP0A03:00: _OSC: not requesting OS control; OS requires [ExtendedConfig ASPM ClockPM MSI]
[    1.096018] acpi PNP0A03:00: fail to add MMCONFIG information, can't access extended PCI configuration space under this bridge.
[    1.100881] PCI host bridge to bus 0000:00
[    1.104009] pci_bus 0000:00: root bus resource [io  0x0000-0x0cf7 window]
[    1.108007] pci_bus 0000:00: root bus resource [io  0x0d00-0xffff window]
[    1.112004] pci_bus 0000:00: root bus resource [mem 0x000a0000-0x000bffff window]
[    1.116009] pci_bus 0000:00: root bus resource [mem 0x40000000-0xfdffffff window]
[    1.120009] pci_bus 0000:00: root bus resource [bus 00-ff]
[    1.132176] pci 0000:00:01.1: legacy IDE quirk: reg 0x10: [io  0x01f0-0x01f7]
[    1.136019] pci 0000:00:01.1: legacy IDE quirk: reg 0x14: [io  0x03f6]
[    1.140008] pci 0000:00:01.1: legacy IDE quirk: reg 0x18: [io  0x0170-0x0177]
[    1.144003] pci 0000:00:01.1: legacy IDE quirk: reg 0x1c: [io  0x0376]
[    1.177528] pci 0000:00:07.0: quirk: [io  0x4000-0x403f] claimed by PIIX4 ACPI
[    1.180052] pci 0000:00:07.0: quirk: [io  0x4100-0x410f] claimed by PIIX4 SMB
[    1.197884] ACPI: PCI Interrupt Link [LNKA] (IRQs 5 9 10 *11)
[    1.208574] ACPI: PCI Interrupt Link [LNKB] (IRQs 5 9 *10 11)
[    1.219194] ACPI: PCI Interrupt Link [LNKC] (IRQs 5 *9 10 11)
[    1.227221] ACPI: PCI Interrupt Link [LNKD] (IRQs 5 9 10 *11)
[    1.234652] ACPI: Enabled 2 GPEs in block 00 to 07
[    1.240057] vgaarb: setting as boot device: PCI:0000:00:02.0
[    1.244000] vgaarb: device added: PCI:0000:00:02.0,decodes=io+mem,owns=io+mem,locks=none
[    1.244006] vgaarb: loaded
[    1.248003] vgaarb: bridge control possible 0000:00:02.0
[    1.252527] SCSI subsystem initialized
[    1.256285] ACPI: bus type USB registered
[    1.260062] usbcore: registered new interface driver usbfs
[    1.264050] usbcore: registered new interface driver hub
[    1.268020] usbcore: registered new device driver usb
[    1.276734] PCI: Using ACPI for IRQ routing
[    1.284827] NetLabel: Initializing
[    1.288002] NetLabel:  domain hash size = 128
[    1.292002] NetLabel:  protocols = UNLABELED CIPSOv4
[    1.296019] NetLabel:  unlabeled traffic allowed by default
[    1.300179] amd_nb: Cannot enumerate AMD northbridges
[    1.304336] clocksource: Switched to clocksource kvm-clock
[    1.350495] AppArmor: AppArmor Filesystem Enabled
[    1.350495] pnp: PnP ACPI init
[    1.350495] pnp: PnP ACPI: found 3 devices
[    1.422261] clocksource: acpi_pm: mask: 0xffffff max_cycles: 0xffffff, max_idle_ns: 2085701024 ns
[    1.424425] NET: Registered protocol family 2
[    1.440477] TCP established hash table entries: 8192 (order: 4, 65536 bytes)
[    1.449456] TCP bind hash table entries: 8192 (order: 5, 131072 bytes)
[    1.453009] TCP: Hash tables configured (established 8192 bind 8192)
[    1.453009] UDP hash table entries: 512 (order: 2, 16384 bytes)
[    1.453009] UDP-Lite hash table entries: 512 (order: 2, 16384 bytes)
[    1.453009] NET: Registered protocol family 1
[    1.453009] pci 0000:00:00.0: Limiting direct PCI/PCI transfers
[    1.453009] pci 0000:00:01.0: Activating ISA DMA hang workarounds
[    1.453009] Unpacking initramfs...
[    1.453009] Freeing initrd memory: 14888K
[    1.453009] clocksource: tsc: mask: 0xffffffffffffffff max_cycles: 0x19f227af07c, max_idle_ns: 440795246167 ns
[    1.453009] platform rtc_cmos: registered platform RTC device (no PNP device found)
[    1.453009] Scanning for low memory corruption every 60 seconds
[    2.103205] audit: initializing netlink subsys (disabled)
[    2.110132] audit: type=2000 audit(1690117795.807:1): initialized
[    2.117551] Initialise system trusted keyring
[    2.125725] HugeTLB registered 2 MB page size, pre-allocated 0 pages
[    2.137070] zbud: loaded
[    2.143217] VFS: Disk quotas dquot_6.6.0
[    2.149345] VFS: Dquot-cache hash table entries: 512 (order 0, 4096 bytes)
[    2.153172] squashfs: version 4.0 (2009/01/31) Phillip Lougher
[    2.169659] fuse init (API version 7.23)
[    2.176885] Key type big_key registered
[    2.180626] Allocating IMA MOK and blacklist keyrings.
[    2.207814] Key type asymmetric registered
[    2.213583] Asymmetric key parser 'x509' registered
[    2.220418] Block layer SCSI generic (bsg) driver version 0.4 loaded (major 249)
[    2.230733] io scheduler noop registered
[    2.236826] io scheduler deadline registered (default)
[    2.243900] io scheduler cfq registered
[    2.247741] pci_hotplug: PCI Hot Plug PCI Core version: 0.5
[    2.247741] pciehp: PCI Express Hot Plug Controller Driver version: 0.4
[    2.247741] ACPI: AC Adapter [AC] (on-line)
[    2.247741] input: Power Button as /devices/LNXSYSTM:00/LNXPWRBN:00/input/input0
[    2.247741] ACPI: Power Button [PWRF]
[    2.247741] input: Sleep Button as /devices/LNXSYSTM:00/LNXSLPBN:00/input/input1
[    2.247741] ACPI: Sleep Button [SLPF]
[    2.305376] GHES: HEST is not enabled!
[    2.307061] ACPI: Battery Slot [BAT0] (battery present)
[    2.317833] Serial: 8250/16550 driver, 32 ports, IRQ sharing enabled
[    2.354808] 00:02: ttyS0 at I/O 0x3f8 (irq = 4, base_baud = 115200) is a 16550A
[    2.388796] Linux agpgart interface v0.103
[    2.410717] loop: module loaded
[    2.419430] scsi host0: ata_piix
[    2.427258] scsi host1: ata_piix
[    2.433194] ata1: PATA max UDMA/33 cmd 0x1f0 ctl 0x3f6 bmdma 0xd000 irq 14
[    2.437088] ata2: PATA max UDMA/33 cmd 0x170 ctl 0x376 bmdma 0xd008 irq 15
[    2.456305] libphy: Fixed MDIO Bus: probed
[    2.463751] tun: Universal TUN/TAP device driver, 1.6
[    2.473457] tun: (C) 1999-2004 Max Krasnyansky <maxk@qualcomm.com>
[    2.484033] PPP generic driver version 2.4.2
[    2.491749] ehci_hcd: USB 2.0 'Enhanced' Host Controller (EHCI) Driver
[    2.500861] ehci-pci: EHCI PCI platform driver
[    2.507263] ehci-platform: EHCI generic platform driver
[    2.511182] ohci_hcd: USB 1.1 'Open' Host Controller (OHCI) Driver
[    2.511182] ohci-pci: OHCI PCI platform driver
[    2.511182] ohci-platform: OHCI generic platform driver
[    2.511182] uhci_hcd: USB Universal Host Controller Interface driver
[    2.511182] i8042: PNP: PS/2 Controller [PNP0303:PS2K,PNP0f03:PS2M] at 0x60,0x64 irq 1,12
[    2.555106] serio: i8042 KBD port at 0x60,0x64 irq 1
[    2.557111] serio: i8042 AUX port at 0x60,0x64 irq 12
[    2.568007] mousedev: PS/2 mouse device common for all mice
[    2.581197] rtc_cmos rtc_cmos: rtc core: registered rtc_cmos as rtc0
[    2.590262] input: AT Translated Set 2 keyboard as /devices/platform/i8042/serio0/input/input2
[    2.601198] rtc_cmos rtc_cmos: alarms up to one day, 114 bytes nvram
[    2.610671] i2c /dev entries driver
[    2.615644] device-mapper: uevent: version 1.0.3
[    2.644468] device-mapper: ioctl: 4.34.0-ioctl (2015-10-28) initialised: dm-devel@redhat.com
[    2.654814] ledtrig-cpu: registered to indicate activity on CPUs
[    2.676597] NET: Registered protocol family 10
[    2.683335] NET: Registered protocol family 17
[    2.689042] Key type dns_resolver registered
[    2.697161] registered taskstats version 1
[    2.702912] Loading compiled-in X.509 certificates
[    2.709676] Loaded X.509 cert 'Build time autogenerated kernel key: cf00e047681d67edb2720680708b7d9498083038'
[    2.723363] zswap: loaded using pool lzo/zbud
[    2.734865] Key type trusted registered
[    2.750724] Key type encrypted registered
[    2.756414] AppArmor: AppArmor sha1 policy hashing enabled
[    2.764380] ima: No TPM chip found, activating TPM-bypass!
[    2.773211] ima: Allocated hash algorithm: sha1
[    2.782574] evm: HMAC attrs: 0x1
[    2.790188]   Magic number: 15:728:180
[    2.797138] rtc_cmos rtc_cmos: setting system clock to 2023-07-23 13:09:52 UTC (1690117792)
[    2.809832] BIOS EDD facility v0.16 2004-Jun-25, 0 devices found
[    2.819858] EDD information not available.
[    2.830776] Freeing unused kernel memory: 1492K
[    2.856166] Write protecting the kernel read-only data: 14336k
[    2.867156] Freeing unused kernel memory: 1584K
[    2.873657] Freeing unused kernel memory: 52K
Loading, please wait...
starting version 229
[    2.919862] random: systemd-udevd: uninitialized urandom read (16 bytes read, 11 bits of entropy available)
[    2.921252] random: udevadm: uninitialized urandom read (16 bytes read, 11 bits of entropy available)
[    2.921283] random: udevadm: uninitialized urandom read (16 bytes read, 11 bits of entropy available)
[    2.937688] random: udevadm: uninitialized urandom read (16 bytes read, 11 bits of entropy available)
[    2.937739] random: udevadm: uninitialized urandom read (16 bytes read, 11 bits of entropy available)
[    2.937950] random: udevadm: uninitialized urandom read (16 bytes read, 11 bits of entropy available)
[    2.938008] random: udevadm: uninitialized urandom read (16 bytes read, 11 bits of entropy available)
[    2.938132] random: udevadm: uninitialized urandom read (16 bytes read, 11 bits of entropy available)
[    2.938193] random: udevadm: uninitialized urandom read (16 bytes read, 11 bits of entropy available)
[    2.938247] random: udevadm: uninitialized urandom read (16 bytes read, 11 bits of entropy available)
[    3.123067] Fusion MPT base driver 3.04.20
[    3.129448] Copyright (c) 1999-2008 LSI Corporation
[    3.156351] e1000: Intel(R) PRO/1000 Network Driver - version 7.3.21-k8-NAPI
[    3.160142] e1000: Copyright (c) 1999-2006 Intel Corporation.
[    3.221124] Fusion MPT SPI Host driver 3.04.20
[    3.243155] SSE version of gcm_enc/dec engaged.
[    3.448877] input: ImExPS/2 Generic Explorer Mouse as /devices/platform/i8042/serio1/input/input4
[    3.971017] e1000 0000:00:03.0 eth0: (PCI:33MHz:32-bit) 02:be:82:6b:cc:1d
[    3.981130] e1000 0000:00:03.0 eth0: Intel(R) PRO/1000 Network Connection
[    3.993786] mptbase: ioc0: Initiating bringup
[    4.224496] ioc0: LSI53C1030 A0: Capabilities={Initiator}
[    4.890824] scsi host2: ioc0: LSI53C1030 A0, FwRev=00000000h, Ports=1, MaxQ=256, IRQ=20
[    5.041030] scsi 2:0:0:0: Direct-Access     VBOX     HARDDISK         1.0  PQ: 0 ANSI: 5
[    5.061582] scsi target2:0:0: Beginning Domain Validation
[    5.079503] scsi target2:0:0: Domain Validation skipping write tests
[    5.087872] scsi target2:0:0: Ending Domain Validation
[    5.095033] scsi target2:0:0: asynchronous
[    5.104920] scsi 2:0:1:0: Direct-Access     VBOX     HARDDISK         1.0  PQ: 0 ANSI: 5
[    5.119212] scsi target2:0:1: Beginning Domain Validation
[    5.145856] scsi target2:0:1: Domain Validation skipping write tests
[    5.153584] scsi target2:0:1: Ending Domain Validation
[    5.160830] scsi target2:0:1: asynchronous
[    5.187458] sd 2:0:0:0: Attached scsi generic sg0 type 0
[    5.195505] sd 2:0:0:0: [sda] 83886080 512-byte logical blocks: (42.9 GB/40.0 GiB)
[    5.236550] sd 2:0:1:0: [sdb] 20480 512-byte logical blocks: (10.5 MB/10.0 MiB)
[    5.247142] sd 2:0:1:0: Attached scsi generic sg1 type 0
[    5.255698] sd 2:0:1:0: [sdb] Write Protect is off
[    5.263476] sd 2:0:0:0: [sda] Write Protect is off
[    5.271058] sd 2:0:1:0: [sdb] Incomplete mode parameter data
[    5.280160] sd 2:0:1:0: [sdb] Assuming drive cache: write through
[    5.290076] sd 2:0:0:0: [sda] Incomplete mode parameter data
[    5.296904] sd 2:0:0:0: [sda] Assuming drive cache: write through
[    5.322820]  sda: sda1
[    5.333653] sd 2:0:1:0: [sdb] Attached SCSI disk
[    5.341243] sd 2:0:0:0: [sda] Attached SCSI disk
[    5.817941] e1000 0000:00:08.0 eth1: (PCI:33MHz:32-bit) 08:00:27:90:85:d2
[    5.826563] e1000 0000:00:08.0 eth1: Intel(R) PRO/1000 Network Connection
[    5.838577] e1000 0000:00:08.0 enp0s8: renamed from eth1
[    5.861204] e1000 0000:00:03.0 enp0s3: renamed from eth0
Begin: Loading essential drivers ... [    7.650855] md: linear personality registered for level -1
[    7.662647] md: multipath personality registered for level -4
[    7.674080] md: raid0 personality registered for level 0
[    7.700318] md: raid1 personality registered for level 1
[    8.354050] raid6: sse2x1   gen() 107599 MB/s
[   10.353425] raid6: sse2x1   xor() 107210 MB/s
[   11.352706] raid6: sse2x2   gen() 176533 MB/s
[   12.352680] raid6: sse2x2   xor() 136304 MB/s
[   13.355749] raid6: sse2x4   gen() 232521 MB/s
[   13.433666] raid6: sse2x4   xor()  9059 MB/s
[   13.439538] raid6: using algorithm sse2x4 gen() 232521 MB/s
[   13.446741] raid6: .... xor() 9059 MB/s, rmw enabled
[   13.453223] raid6: using ssse3x2 recovery algorithm
[   13.463483] xor: measuring software checksum speed
[   13.508087]    prefetch64-sse: 17910.000 MB/sec
[   13.552389]    generic_sse: 17184.000 MB/sec
[   13.558097] xor: using function: prefetch64-sse (17910.000 MB/sec)
[   13.568716] async_tx: api initialized (async)
[   13.635967] md: raid6 personality registered for level 6
[   13.642563] md: raid5 personality registered for level 5
[   13.649561] md: raid4 personality registered for level 4
[   13.752666] md: raid10 personality registered for level 10
done.
Begin: Running /scripts/init-premount ... done.
Begin: Mounting root file system ... Begin: Running /scripts/local-top ... done.
Begin: Running /scripts/local-premount ... [   14.422666] Btrfs loaded
Scanning for Btrfs filesystems
done.
Warning: fsck not present, so skipping root file system
[   14.548209] EXT4-fs (sda1): mounted filesystem with ordered data mode. Opts: (null)
done.
Begin: Running /scripts/local-bottom ... done.
Begin: Running /scripts/init-bottom ... done.
[   15.090655] systemd[1]: systemd 229 running in system mode. (+PAM +AUDIT +SELINUX +IMA +APPARMOR +SMACK +SYSVINIT +UTMP +LIBCRYPTSETUP +GCRYPT +GNUTLS +ACL +XZ -LZ4 +SECCOMP +BLKID +ELFUTILS +KMOD -IDN)
[   15.172167] systemd[1]: Detected virtualization oracle.
[   15.190060] systemd[1]: Detected architecture x86-64.

Welcome to [1mUbuntu 16.04.7 LTS[0m!

[   15.277887] systemd[1]: Set hostname to <ubuntu>.
[   15.408513] systemd[1]: Initializing machine ID from random generator.
[   15.443354] systemd[1]: Installed transient /etc/machine-id file.
[   15.688478] random: nonblocking pool is initialized
[   16.928459] systemd[1]: Listening on LVM2 poll daemon socket.
[[0;32m  OK  [0m] Listening on LVM2 poll daemon socket.
[   16.949804] systemd[1]: Listening on udev Control Socket.
[[0;32m  OK  [0m] Listening on udev Control Socket.
[   16.969184] systemd[1]: Started Trigger resolvconf update for networkd DNS.
[[0;32m  OK  [0m] Started Trigger resolvconf update for networkd DNS.
[   16.990337] systemd[1]: Created slice System Slice.
[[0;32m  OK  [0m] Created slice System Slice.
[   17.006003] systemd[1]: Created slice User and Session Slice.
[[0;32m  OK  [0m] Created slice User and Session Slice.
[   17.021768] systemd[1]: Reached target Slices.
[[0;32m  OK  [0m] Reached target Slices.
[   17.034572] systemd[1]: Reached target System Time Synchronized.
[[0;32m  OK  [0m] Reached target System Time Synchronized.
[   17.051750] systemd[1]: Listening on Syslog Socket.
[[0;32m  OK  [0m] Listening on Syslog Socket.
[   17.066491] systemd[1]: Created slice system-serial\x2dgetty.slice.
[[0;32m  OK  [0m] Created slice system-serial\x2dgetty.slice.
[   17.083323] systemd[1]: Listening on /dev/initctl Compatibility Named Pipe.
[[0;32m  OK  [0m] Listening on /dev/initctl Compatibility Named Pipe.
[   17.103614] systemd[1]: Listening on fsck to fsckd communication Socket.
[[0;32m  OK  [0m] Listening on fsck to fsckd communication Socket.
[   17.120031] systemd[1]: Listening on Journal Audit Socket.
[[0;32m  OK  [0m] Listening on Journal Audit Socket.
[   17.134453] systemd[1]: Listening on Journal Socket (/dev/log).
[[0;32m  OK  [0m] Listening on Journal Socket (/dev/log).
[   17.148342] systemd[1]: Listening on Journal Socket.
[[0;32m  OK  [0m] Listening on Journal Socket.
[   17.173790] systemd[1]: Mounting POSIX Message Queue File System...
         Mounting POSIX Message Queue File System...
[   17.311008] systemd[1]: Starting Load Kernel Modules...
         Starting Load Kernel Modules...
[   17.346851] systemd[1]: Starting Nameserver information manager...
         Starting Nameserver information manager...
[   17.380819] systemd[1]: Starting File System Check on Root Device...
         Starting File System Check on Root Device...
[   17.400317] systemd[1]: Starting Create list of required static device nodes for the current kernel...
         Starting Create list of required st... nodes for the current kernel...
[   17.432512] systemd[1]: Starting Set console keymap...
         Starting Set console keymap...
[   17.455842] systemd[1]: Mounting Debug File System...
         Mounting Debug File System...
[   17.483698] systemd[1]: Mounting Huge Pages File System...
         Mounting Huge Pages File System...
[   17.505621] systemd[1]: Starting Uncomplicated firewall...
         Starting Uncomplicated firewall...
[   17.526293] systemd[1]: Listening on Device-mapper event daemon FIFOs.
[[0;32m  OK  [0m] Listening on Device-mapper event daemon FIFOs.
[   17.547639] systemd[1]: Set up automount Arbitrary Executable File Formats File System Automount Point.
[[0;32m  OK  [0m] Set up automount Arbitrary Executab...ats File System Automount Point.
[   17.611838] systemd[1]: Reached target Encrypted Volumes.
[   17.625382] Loading iSCSI transport class v2.0-870.
[[0;32m  OK  [0m] Reached target Encrypted Volumes.
[   17.637580] systemd[1]: Listening on LVM2 metadata daemon socket.
[[0;32m  OK  [0m] Listening on LVM2 metadata daemon socket.
[   17.670436] systemd[1]: Starting Monitoring of LVM2 mirrors, snapshots etc. using dmeventd or progress polling...
         Starting Monitoring of LVM2 mirrors... dmeventd or progress polling...
[   17.699253] systemd[1]: Reached target User and Group Name Lookups.
[[0;32m  OK  [0m] Reached target User and Group Name Lookups.
[   17.719378] systemd[1]: Listening on udev Kernel Socket.
[[0;32m  OK  [0m] Listening on udev Kernel Socket.
[   17.743564] systemd[1]: Started Forward Password Requests to Wall Directory Watch.
[[0;32m  OK  [0m] Started Forward Password Requests to Wall Directory Watch.
[   17.767551] systemd[1]: Reached target Swap.
[[0;32m  OK  [0m] Reached target Swap.
[   17.821338] systemd[1]: Starting Journal Service...
[   17.834636] iscsi: registered transport (tcp)
         Starting Journal Service...
[   17.847563] systemd[1]: Mounted Huge Pages File System.
[[0;32m  OK  [0m] Mounted Huge Pages File System.
[   17.865137] systemd[1]: Mounted POSIX Message Queue File System.
[[0;32m  OK  [0m] Mounted POSIX Message Queue File System.
[   17.881725] systemd[1]: Mounted Debug File System.
[[0;32m  OK  [0m] Mounted Debug File System.
[   17.909956] systemd[1]: Started Create list of required static device nodes for the current kernel.
[[0;32m  OK  [0m] Started Create list of required sta...ce nodes for the current kernel.
[   17.948667] systemd[1]: Started Set console keymap.
[[0;32m  OK  [0m] Started Set console keymap.
[   17.978846] systemd[1]: Started Uncomplicated firewall.
[[0;32m  OK  [0m] Started Uncomplicated firewall.
[   18.013358] systemd[1]: Started File System Check Daemon to report status.
[[0;32m  OK  [0m] Started File System Check Daemon to report status.
[   18.039742] systemd[1]: Starting Create Static Device Nodes in /dev...
         Starting Create Static Device Nodes in /dev...
[   18.184967] systemd[1]: Started Nameserver information manager.
[[0;32m  OK  [0m] Started Nameserver information manager.
[   18.251890] systemd[1]: Started File System Check on Root Device.
[[0;32m  OK  [0m] Started File System Check on Root Device.
[   18.306857] systemd[1]: Starting Remount Root and Kernel File Systems...
         Starting Remount Root and Kernel File Systems...
[   18.344357] systemd[1]: Started Journal Service.
[   18.365359] EXT4-fs (sda1): re-mounted. Opts: (null)
[[0;32m  OK  [0m] Started Journal Service.
[[0;32m  OK  [0m] Started LVM2 metadata daemon.
[[0;32m  OK  [0m] Started Create Static Device Nodes in /dev.
[[0;32m  OK  [0m] Started Remount Root and Kernel File Systems.
         Starting Flush Journal to Persistent Storage...
         Starting Load/Save Random Seed...
[   18.632178] iscsi: registered transport (iser)
         Starting udev Coldplug all Devices...
         Starting udev Kernel Device Manager...
[[0;32m  OK  [0m] Started Load Kernel Modules.
[[0;32m  OK  [0m] Started Load/Save Random Seed.
         Starting Apply Kernel Variables...
         Mounting FUSE Control File System...
[[0;32m  OK  [0m] Mounted FUSE Control File System.
[   18.861589] systemd-journald[398]: Received request to flush runtime journal from PID 1
[[0;32m  OK  [0m] Started Flush Journal to Persistent Storage.
[[0;32m  OK  [0m] Started Apply Kernel Variables.
[[0;32m  OK  [0m] Started udev Coldplug all Devices.
[[0;32m  OK  [0m] Started Monitoring of LVM2 mirrors,...ng dmeventd or progress polling.
[[0;32m  OK  [0m] Reached target Local File Systems (Pre).
[[0;32m  OK  [0m] Reached target Local File Systems.
         Starting Tell Plymouth To Write Out Runtime Data...
         Starting Initial cloud-init job (pre-networking)...
         Starting Set console font and keymap...
         Starting Create Volatile Files and Directories...
         Starting LSB: AppArmor initialization...
         Starting Commit a transient machine-id on disk...
[[0;32m  OK  [0m] Started Tell Plymouth To Write Out Runtime Data.
[[0;32m  OK  [0m] Started udev Kernel Device Manager.
[[0;32m  OK  [0m] Started Create Volatile Files and Directories.
         Starting Update UTMP about System Boot/Shutdown...
[[0;32m  OK  [0m] Started Dispatch Password Requests to Console Directory Watch.
[[0;32m  OK  [0m] Started Commit a transient machine-id on disk.
[[0;32m  OK  [0m] Started Update UTMP about System Boot/Shutdown.
[[0;32m  OK  [0m] Found device /dev/ttyS0.
[[0;32m  OK  [0m] Listening on Load/Save RF Kill Switch Status /dev/rfkill Watch.
[[0;32m  OK  [0m] Started Set console font and keymap.
[[0;32m  OK  [0m] Created slice system-getty.slice.
[[0;32m  OK  [0m] Started LSB: AppArmor initialization.
         Starting Load AppArmor profiles managed internally by snapd...
[[0;32m  OK  [0m] Started Load AppArmor profiles managed internally by snapd.
[   24.513368] cloud-init[475]: Cloud-init v. 21.1-19-gbad84ad4-0ubuntu1~16.04.2 running 'init-local' at Sun, 23 Jul 2023 13:10:13 +0000. Up 23.94 seconds.
[[0;32m  OK  [0m] Started Initial cloud-init job (pre-networking).
[[0;32m  OK  [0m] Reached target Network (Pre).
         Starting Raise network interfaces...
[[0;32m  OK  [0m] Started Raise network interfaces.
[[0;32m  OK  [0m] Reached target Network.
         Starting Initial cloud-init job (metadata service crawler)...
[   27.522058] cloud-init[943]: Cloud-init v. 21.1-19-gbad84ad4-0ubuntu1~16.04.2 running 'init' at Sun, 23 Jul 2023 13:10:15 +0000. Up 25.43 seconds.
[   27.541488] cloud-init[943]: ci-info: ++++++++++++++++++++++++++++++++++++++Net device info+++++++++++++++++++++++++++++++++++++++
[   27.553025] cloud-init[943]: ci-info: +--------+-------+----------------------------+---------------+--------+-------------------+
[   27.564944] cloud-init[943]: ci-info: | Device |   Up  |          Address           |      Mask     | Scope  |     Hw-Address    |
[   27.577580] [[0;32m  OK  [0mcloud-init[943]: ci-info: +--------+-------+----------------------------+---------------+--------+-------------------+
[   27.585324] cloud-init[943]: ci-info: | enp0s3 |  True |         10.0.2.15          | 255.255.255.0 | global | 02:be:82:6b:cc:1d |
[   27.586188] cloud-init[943]: ci-info: | enp0s3 |  True | fe80::be:82ff:fe6b:cc1d/64 |       .       |  link  | 02:be:82:6b:cc:1d |
[   27.587322] cloud-init[943]: ci-info: | enp0s8 | False |             .              |       .       |   .    | 08:00:27:90:85:d2 |
[   27.590502] cloud-init[943]: ci-info: |   lo   |  True |         127.0.0.1          |   255.0.0.0   |  host  |         .         |
[   27.590956] cloud-init[943]: ci-info: |   lo   |  True |          ::1/128           |       .       |  host  |         .         |
[   27.591721] cloud-init[943]: ci-info: +--------+-------+----------------------------+---------------+--------+-------------------+
[   27.593359] cloud-init[943]: ci-info: +++++++++++++++++++++++++++Route IPv4 info++++++++++++++++++++++++++++
[   27.594132] cloud-init[943]: ci-info: +-------+-------------+----------+---------------+-----------+-------+
[   27.595020] cloud-init[943]: ci-info: | Route | Destination | Gateway  |    Genmask    | Interface | Flags |
[   27.597434] cloud-init[943]: ci-info: +-------+-------------+----------+---------------+-----------+-------+
[   27.598163] cloud-init[943]: ci-info: |   0   |   0.0.0.0   | 10.0.2.2 |    0.0.0.0    |   enp0s3  |   UG  |
[   27.598933] cloud-init[943]: ci-info: |   1   |   10.0.2.0  | 0.0.0.0  | 255.255.255.0 |   enp0s3  |   U   |
[   27.599573] cloud-init[943]: ci-info: +-------+-------------+----------+---------------+-----------+-------+
[   27.599727] cloud-init[943]: ci-info: +++++++++++++++++++Route IPv6 info+++++++++++++++++++
[   27.599875] cloud-init[943]: ci-info: +-------+-------------+---------+-----------+-------+
[   27.600030] cloud-init[943]: ci-info: | Route | Destination | Gateway | Interface | Flags |
[   27.601014] cloud-init[943]: ci-info: +-------+-------------+---------+-----------+-------+
[   27.601612] cloud-init[943]: ci-info: |   0   |  fe80::/64  |    ::   |   enp0s3  |   U   |
[   27.602242] cloud-init[943]: ci-info: |   3   |   ff00::/8  |    ::   |   enp0s3  |   U   |
[   27.602335] cloud-init[943]: ci-info: +-------+-------------+---------+-----------+-------+
[   27.602424] cloud-init[943]: Generating public/private rsa key pair.
[   27.602512] cloud-init[943]: Your identification has been saved in /etc/ssh/ssh_host_rsa_key.
[   27.603447] cloud-init[943]: Your public key has been saved in /etc/ssh/ssh_host_rsa_key.pub.
[   27.604398] cloud-init[943]: The key fingerprint is:
[   27.604786] cloud-init[943]: SHA256:FI2dO3i2BnzC6SY7u4BvLTQX/dZJ8SffNuchLWTaGDk root@ubuntu-xenial
[   27.605272] cloud-init[943]: The key's randomart image is:
[   27.605754] cloud-init[943]: +---[RSA 2048]----+
[   27.606581] cloud-init[943]: |        .+ .     |
[   27.606760] cloud-init[943]: |        ..+ .    |
[   27.606943] cloud-init[943]: |       +.o ..o   |
[   27.607612] cloud-init[943]: |      ..O *E.oo .|
[   27.608474] cloud-init[943]: |       oSB =O..+.|
[   27.609015] cloud-init[943]: |   .o o o =oo+ +=|
[   27.609105] cloud-init[943]: |  ...+ + o    oo+|
[   27.609197] cloud-init[943]: |   .o.+         .|
[   27.609828] cloud-init[943]: |   ...o+         |
[   27.610302] cloud-init[943]: +----[SHA256]-----+
[   27.610820] cloud-init[943]: Generating public/private dsa key pair.
[   27.611303] cloud-init[943]: Your identification has been saved in /etc/ssh/ssh_host_dsa_key.
[   27.611962] cloud-init[943]: Your public key has been saved in /etc/ssh/ssh_host_dsa_key.pub.
[   27.613103] cloud-init[943]: The key fingerprint is:
[   27.613602] cloud-init[943]: SHA256:6GGQdcGxHKDCQUeoL6KhTQl2nfW4OiItqG8fW6shPes root@ubuntu-xenial
[   27.614113] cloud-init[943]: The key's randomart image is:
[   27.614609] cloud-init[943]: +---[DSA 1024]----+
[   27.614758] cloud-init[943]: | .ooo oo=o       |
[   27.614984] cloud-init[943]: | ..o + +.o       |
[   27.615696] cloud-init[943]: | .o = o =        |
[   27.617127] cloud-init[943]: |o. o + o .       |
[   27.618520] cloud-init[943]: |.o..  + S        |
[   27.619095] cloud-init[943]: |+ +. o o         |
[   27.619588] cloud-init[943]: |==o = +          |
[   27.620109] cloud-init[943]: |+oo+ X .         |
[   27.621619] cloud-init[943]: |oo+oE.o          |
[   27.622147] cloud-init[943]: +----[SHA256]-----+
[   27.622687] cloud-init[943]: Generating public/private ecdsa key pair.
[   27.623287] cloud-init[943]: Your identification has been saved in /etc/ssh/ssh_host_ecdsa_key.
[   27.623846] cloud-init[943]: Your public key has been saved in /etc/ssh/ssh_host_ecdsa_key.pub.
[   27.624947] cloud-init[943]: The key fingerprint is:
[   27.625587] cloud-init[943]: SHA256:wQJN7uuIeTN8ydlKiOxEgatIuyTMG1cbdttzDrP9JRg root@ubuntu-xenial
[   27.626035] cloud-init[943]: The key's randomart image is:
[   27.758288] cloud-init[943]: +---[ECDSA 256]---+
[   27.758391] cloud-init[943]: |    .o.          |
[   27.758986] cloud-init[943]: | .   o..         |
[   27.759458] cloud-init[943]: |. .   o o        |
[   27.759964] cloud-init[943]: | . . . . .       |
[   27.760699] cloud-init[943]: |...  +..S  E     |
[   27.761573] cloud-init[943]: |*o..o.+.o   o    |
[   27.762131] cloud-init[943]: |+*+o.oo= = o . . |
[   27.762682] cloud-init[943]: |oo=o=+= . O   o  |
[   27.763330] cloud-init[943]: | o+..+o. . o..   |
[   27.763918] cloud-init[943]: +----[SHA256]-----+
[   27.765723] cloud-init[943]: Generating public/private ed25519 key pair.
[   27.766147] cloud-init[943]: Your identification has been saved in /etc/ssh/ssh_host_ed25519_key.
[   27.766241] cloud-init[943]: Your public key has been saved in /etc/ssh/ssh_host_ed25519_key.pub.
[   27.766348] cloud-init[943]: The key fingerprint is:
[   27.766945] cloud-init[943]: SHA256:fZtmbxxRqYxtSQhEtGTAGOxyZYscBkKIqoaU17pvxbE root@ubuntu-xenial
[   27.767034] cloud-init[943]: The key's randomart image is:
[   27.767770] cloud-init[943]: +--[ED25519 256]--+
[   27.767867] cloud-init[943]: |+o .o.+.=B. .   .|
[   27.768961] cloud-init[943]: |o .  = +o .. . ..|
[   27.769671] cloud-init[943]: |. . = = ..  = o. |
[   27.770159] cloud-init[943]: |.o o * o . . *.  |
[   27.770295] cloud-init[943]: |+ . + . S . o  . |
[   27.770927] cloud-init[943]: |o. .   E   . o.  |
[   27.771048] cloud-init[943]: |.   . .     =. . |
[   27.771875] cloud-init[943]: |   . .     o .o  |
[   27.773331] cloud-init[943]: |    o.       ..  |
[   27.773902] cloud-init[943]: +----[SHA256]-----+
] Started Initial cloud-init job (metadata service crawler).
[[0;32m  OK  [0m] Reached target Cloud-config availability.
[[0;32m  OK  [0m] Reached target System Initialization.
[[0;32m  OK  [0m] Started ACPI Events Check.
[[0;32m  OK  [0m] Reached target Paths.
[[0;32m  OK  [0m] Started Daily apt download activities.
[[0;32m  OK  [0m] Started Message of the Day.
[[0;32m  OK  [0m] Listening on ACPID Listen Socket.
[[0;32m  OK  [0m] Started Daily apt upgrade and clean activities.
         Starting LXD - unix socket.
         Starting Socket activation for snappy daemon.
[[0;32m  OK  [0m] Started Daily Cleanup of Temporary Directories.
[[0;32m  OK  [0m] Listening on D-Bus System Message Bus Socket.
[[0;32m  OK  [0m] Started Ubuntu Advantage update messaging.
[[0;32m  OK  [0m] Reached target Timers.
[[0;32m  OK  [0m] Listening on UUID daemon activation socket.
[[0;32m  OK  [0m] Reached target Network is Online.
         Starting iSCSI initiator daemon (iscsid)...
[[0;32m  OK  [0m] Listening on LXD - unix socket.
[[0;32m  OK  [0m] Listening on Socket activation for snappy daemon.
[[0;32m  OK  [0m] Reached target Sockets.
[[0;32m  OK  [0m] Reached target Basic System.
         Starting LSB: MD monitoring daemon...
         Starting Accounts Service...
[[0;32m  OK  [0m] Started Deferred execution scheduler.
[[0;32m  OK  [0m] Started Regular background program processing daemon.
         Starting System Logging Service...
         Starting Pollinate to seed the pseudo random number generator...
[[0;32m  OK  [0m] Started ACPI event daemon.
[[0;32m  OK  [0m] Started FUSE filesystem for LXC.
         Starting LXD - container startup/shutdown...
[[0;32m  OK  [0m] Started D-Bus System Message Bus.
         Starting /etc/rc.local Compatibility...
         Starting LSB: Record successful boot for GRUB...
         Starting Snap Daemon...
         Starting Virtualbox guest utils...
         Starting Login Service...
[[0;32m  OK  [0m] Started System Logging Service.
[[0;32m  OK  [0m] Started /etc/rc.local Compatibility.
         Starting Authenticate and Authorize Users to Run Privileged Tasks...
[[0;32m  OK  [0m] Started iSCSI initiator daemon (iscsid).
[[0;32m  OK  [0m] Started Login Service.
[[0;32m  OK  [0m] Started Unattended Upgrades Shutdown.
         Starting Login to default iSCSI targets...
[[0;32m  OK  [0m] Started LXD - container startup/shutdown.
[[0;32m  OK  [0m] Started LSB: Record successful boot for GRUB.
[[0;32m  OK  [0m] Started Authenticate and Authorize Users to Run Privileged Tasks.
[[0;32m  OK  [0m] Started LSB: MD monitoring daemon.
[[0;32m  OK  [0m] Started Login to default iSCSI targets.
[[0;32m  OK  [0m] Started Accounts Service.
[[0;32m  OK  [0m] Reached target Remote File Systems (Pre).
[[0;32m  OK  [0m] Reached target Remote File Systems.
         Starting LSB: Set the CPU Frequency Scaling governor to "ondemand"...
         Starting LSB: automatic crash report generation...
         Starting Permit User Sessions...
         Starting LSB: daemon to balance interrupts for SMP systems...
[[0;32m  OK  [0m] Started Permit User Sessions.
         Starting Terminate Plymouth Boot Screen...
         Starting Hold until boot process finishes up...
[[0;32m  OK  [0m] Started LSB: Set the CPU Frequency Scaling governor to "ondemand".
[[0;32m  OK  [0m] Started LSB: automatic crash report generation.
[[0;32m  OK  [0m] Started Terminate Plymouth Boot Screen.
[[0;32m  OK  [0m] Started Virtualbox guest utils.
[[0;32m  OK  [0m] Started Hold until boot process finishes up.
[[0;32m  OK  [0m] Started Serial Getty on ttyS0.
[[0;32m  OK  [0m] Started Getty on tty1.
[[0;32m  OK  [0m] Reached target Login Prompts.
         Starting Set console scheme...
[[0;32m  OK  [0m] Started LSB: daemon to balance interrupts for SMP systems.
[[0;32m  OK  [0m] Started Set console scheme.
[[0;32m  OK  [0m] Started Snap Daemon.
         Starting Wait until snapd is fully seeded...
[[0;32m  OK  [0m] Started Pollinate to seed the pseudo random number generator.
         Starting OpenBSD Secure Shell server...
[[0;32m  OK  [0m] Started OpenBSD Secure Shell server.
[[0;32m  OK  [0m] Created slice User Slice of vagrant.
         Starting User Manager for UID 1000...
[[0;32m  OK  [0m] Started Session 1 of user vagrant.
[[0;32m  OK  [0m] Started User Manager for UID 1000.
[[0;32m  OK  [0m] Started Wait until snapd is fully seeded.
         Starting Apply the settings specified in cloud-config...
[[0;32m  OK  [0m] Reached target Multi-User System.
[[0;32m  OK  [0m] Reached target Graphical Interface.
         Starting Update UTMP about System Runlevel Changes...
[[0;32m  OK  [0m] Started Update UTMP about System Runlevel Changes.
[   35.720324] cloud-init[1436]: Generating locales (this might take a while)...

Ubuntu 16.04.7 LTS ubuntu-xenial ttyS0

ubuntu-xenial login: [   37.473954] cloud-init[1436]:   en_US.UTF-8... done
[   37.480332] cloud-init[1436]: Generation complete.
[   38.339780] cloud-init[1436]: Cloud-init v. 21.1-19-gbad84ad4-0ubuntu1~16.04.2 running 'modules:config' at Sun, 23 Jul 2023 13:10:25 +0000. Up 35.42 seconds.
ci-info: no authorized SSH keys fingerprints found for user ubuntu.
<14>Jul 23 13:10:29 ec2: 
<14>Jul 23 13:10:29 ec2: #############################################################
<14>Jul 23 13:10:29 ec2: -----BEGIN SSH HOST KEY FINGERPRINTS-----
<14>Jul 23 13:10:29 ec2: 1024 SHA256:6GGQdcGxHKDCQUeoL6KhTQl2nfW4OiItqG8fW6shPes root@ubuntu-xenial (DSA)
<14>Jul 23 13:10:29 ec2: 256 SHA256:wQJN7uuIeTN8ydlKiOxEgatIuyTMG1cbdttzDrP9JRg root@ubuntu-xenial (ECDSA)
<14>Jul 23 13:10:29 ec2: 256 SHA256:fZtmbxxRqYxtSQhEtGTAGOxyZYscBkKIqoaU17pvxbE root@ubuntu-xenial (ED25519)
<14>Jul 23 13:10:29 ec2: 2048 SHA256:FI2dO3i2BnzC6SY7u4BvLTQX/dZJ8SffNuchLWTaGDk root@ubuntu-xenial (RSA)
<14>Jul 23 13:10:29 ec2: -----END SSH HOST KEY FINGERPRINTS-----
<14>Jul 23 13:10:29 ec2: #############################################################
-----BEGIN SSH HOST KEY KEYS-----
ecdsa-sha2-nistp256 AAAAE2VjZHNhLXNoYTItbmlzdHAyNTYAAAAIbmlzdHAyNTYAAABBBM2RcATtf20w4xJ9EHrwqfj+wjJze/RrN6VwhsrhBWfyKz2d0Cx5JhgHM9yvoKxCZdthWGoiHh0EBG52A78wikU= root@ubuntu-xenial
ssh-ed25519 AAAAC3NzaC1lZDI1NTE5AAAAIORgBX21H4IhMnVk9BD3ijP4F3qu9GjxnbyyZiAFQ950 root@ubuntu-xenial
ssh-rsa AAAAB3NzaC1yc2EAAAADAQABAAABAQDcNKyStXg0Jb7cRbTCHtX5AVMALZDPzNR3L4nURtgBXSbwaG8u4i4A6kWPFuHVTakPwGUpPgE2U2lELGYOS1o4KN4Sk1Ehujtee54QtFMZBEes0a2rnH+ZLemQZvfmKTaHQdnLdcrf02xzELBiExegO+2wOAn5blYQh9GYI8BUVWnLzGKHIGQ8CGM5SqiUwmV4z5pc7PU/3d+xceJI1w8i9m27nQUPJDiZRHpLLUzR085fvXDZEMUu186l16S5j59GeUdoUQDH2ntd5zu38AlheZqRmmCpp4lOZXAnUPUMRU1DGUVKTZZYLcUl1/HtSKQ7vfiVTIKLyTEJpoUXGYWv root@ubuntu-xenial
-----END SSH HOST KEY KEYS-----
[   39.460402] cloud-init[1640]: Cloud-init v. 21.1-19-gbad84ad4-0ubuntu1~16.04.2 running 'modules:final' at Sun, 23 Jul 2023 13:10:28 +0000. Up 39.08 seconds.
[   39.481936] cloud-init[1640]: ci-info: no authorized SSH keys fingerprints found for user ubuntu.
[   39.482168] cloud-init[1640]: Cloud-init v. 21.1-19-gbad84ad4-0ubuntu1~16.04.2 finished at Sun, 23 Jul 2023 13:10:29 +0000. Datasource DataSourceNoCloud [seed=/dev/sdb][dsmode=net].  Up 39.44 seconds
